<?xml version="1.0" encoding="UTF-8"?>
<testsuite xmlns:xsi="http://www.w3.org/2001/XMLSchema-instance" xsi:noNamespaceSchemaLocation="https://maven.apache.org/surefire/maven-surefire-plugin/xsd/surefire-test-report-3.0.xsd" version="3.0" name="com.example.controller.ProductoControllerTest" time="13.435" tests="12" errors="0" skipped="0" failures="0">
  <properties>
[...]
</properties>
  <testcase name="testGetAllProductos_EmptyList" classname="com.example.controller.ProductoControllerTest" time="0.555">
    <system-out><![CDATA[22:27:59.940 [main] INFO org.springframework.test.context.support.AnnotationConfigContextLoaderUtils -- Could not detect default configuration classes for test class [com.example.controller.ProductoControllerTest]: ProductoControllerTest does not declare any static, non-private, non-final, nested classes annotated with @Configuration.
22:28:00.286 [main] INFO org.springframework.boot.test.context.SpringBootTestContextBootstrapper -- Found @SpringBootConfiguration com.example.App for test class com.example.controller.ProductoControllerTest
22:28:00.831 [main] INFO org.springframework.boot.devtools.restart.RestartApplicationListener -- Restart disabled due to context in which it is running

  .   ____          _            __ _ _
 /\\ / ___'_ __ _ _(_)_ __  __ _ \ \ \ \
( ( )\___ | '_ | '_| | '_ \/ _` | \ \ \ \
 \\/  ___)| |_)| | | | | || (_| |  ) ) ) )
  '  |____| .__|_| |_|_| |_\__, | / / / /
 =========|_|==============|___/=/_/_/_/

 :: Spring Boot ::                (v3.3.5)

2024-11-26T22:28:01.392-03:00  INFO 8624 --- [productos] [           main] c.e.controller.ProductoControllerTest    : Starting ProductoControllerTest using Java 17.0.12 with PID 8624 (started by Maverick in C:\Users\Maverick\Desktop\DuoC\Full Stack 3\Sumativa 2\productos)
2024-11-26T22:28:01.394-03:00  INFO 8624 --- [productos] [           main] c.e.controller.ProductoControllerTest    : No active profile set, falling back to 1 default profile: "default"
2024-11-26T22:28:02.623-03:00  INFO 8624 --- [productos] [           main] .s.d.r.c.RepositoryConfigurationDelegate : Bootstrapping Spring Data JPA repositories in DEFAULT mode.
2024-11-26T22:28:02.735-03:00  INFO 8624 --- [productos] [           main] .s.d.r.c.RepositoryConfigurationDelegate : Finished Spring Data repository scanning in 96 ms. Found 1 JPA repository interface.
2024-11-26T22:28:03.875-03:00  INFO 8624 --- [productos] [           main] o.hibernate.jpa.internal.util.LogHelper  : HHH000204: Processing PersistenceUnitInfo [name: default]
2024-11-26T22:28:04.022-03:00  INFO 8624 --- [productos] [           main] org.hibernate.Version                    : HHH000412: Hibernate ORM core version 6.5.3.Final
2024-11-26T22:28:04.115-03:00  INFO 8624 --- [productos] [           main] o.h.c.internal.RegionFactoryInitiator    : HHH000026: Second-level cache disabled
2024-11-26T22:28:04.775-03:00  INFO 8624 --- [productos] [           main] o.s.o.j.p.SpringPersistenceUnitInfo      : No LoadTimeWeaver setup: ignoring JPA class transformer
2024-11-26T22:28:04.836-03:00  INFO 8624 --- [productos] [           main] com.zaxxer.hikari.HikariDataSource       : HikariPool-1 - Starting...
2024-11-26T22:28:04.842-03:00  WARN 8624 --- [productos] [           main] c.zaxxer.hikari.util.DriverDataSource    : Registered driver with driverClassName=oracle.jdbc.driver.OracleDriver was not found, trying direct instantiation.
2024-11-26T22:28:06.837-03:00  INFO 8624 --- [productos] [           main] com.zaxxer.hikari.pool.HikariPool        : HikariPool-1 - Added connection oracle.jdbc.driver.T4CConnection@64ca0be0
2024-11-26T22:28:06.840-03:00  INFO 8624 --- [productos] [           main] com.zaxxer.hikari.HikariDataSource       : HikariPool-1 - Start completed.
2024-11-26T22:28:07.239-03:00  WARN 8624 --- [productos] [           main] org.hibernate.orm.deprecation            : HHH90000025: OracleDialect does not need to be specified explicitly using 'hibernate.dialect' (remove the property setting and it will be selected by default)
2024-11-26T22:28:09.292-03:00  INFO 8624 --- [productos] [           main] o.h.e.t.j.p.i.JtaPlatformInitiator       : HHH000489: No JTA platform available (set 'hibernate.transaction.jta.platform' to enable JTA platform integration)
2024-11-26T22:28:09.302-03:00  INFO 8624 --- [productos] [           main] j.LocalContainerEntityManagerFactoryBean : Initialized JPA EntityManagerFactory for persistence unit 'default'
2024-11-26T22:28:10.034-03:00  WARN 8624 --- [productos] [           main] JpaBaseConfiguration$JpaWebConfiguration : spring.jpa.open-in-view is enabled by default. Therefore, database queries may be performed during view rendering. Explicitly configure spring.jpa.open-in-view to disable this warning
2024-11-26T22:28:10.633-03:00  INFO 8624 --- [productos] [           main] c.e.controller.ProductoControllerTest    : Started ProductoControllerTest in 9.841 seconds (process running for 12.505)
2024-11-26T22:28:11.590-03:00  INFO 8624 --- [productos] [           main] o.s.mock.web.MockServletContext          : Initializing Spring TestDispatcherServlet ''
2024-11-26T22:28:11.590-03:00  INFO 8624 --- [productos] [           main] o.s.t.web.servlet.TestDispatcherServlet  : Initializing Servlet ''
2024-11-26T22:28:11.591-03:00  INFO 8624 --- [productos] [           main] o.s.t.web.servlet.TestDispatcherServlet  : Completed initialization in 1 ms
]]></system-out>
  </testcase>
  <testcase name="testCreateProducto" classname="com.example.controller.ProductoControllerTest" time="0.353">
    <system-out><![CDATA[2024-11-26T22:28:12.053-03:00  INFO 8624 --- [productos] [           main] o.s.mock.web.MockServletContext          : Initializing Spring TestDispatcherServlet ''
2024-11-26T22:28:12.053-03:00  INFO 8624 --- [productos] [           main] o.s.t.web.servlet.TestDispatcherServlet  : Initializing Servlet ''
2024-11-26T22:28:12.054-03:00  INFO 8624 --- [productos] [           main] o.s.t.web.servlet.TestDispatcherServlet  : Completed initialization in 0 ms
]]></system-out>
  </testcase>
  <testcase name="testGetProductoById_ServiceThrowsException" classname="com.example.controller.ProductoControllerTest" time="0.16">
    <system-out><![CDATA[2024-11-26T22:28:12.405-03:00  INFO 8624 --- [productos] [           main] o.s.mock.web.MockServletContext          : Initializing Spring TestDispatcherServlet ''
2024-11-26T22:28:12.405-03:00  INFO 8624 --- [productos] [           main] o.s.t.web.servlet.TestDispatcherServlet  : Initializing Servlet ''
2024-11-26T22:28:12.406-03:00  INFO 8624 --- [productos] [           main] o.s.t.web.servlet.TestDispatcherServlet  : Completed initialization in 1 ms
]]></system-out>
  </testcase>
  <testcase name="testUpdateProducto_InternalServerError" classname="com.example.controller.ProductoControllerTest" time="0.033">
    <system-out><![CDATA[2024-11-26T22:28:12.564-03:00  INFO 8624 --- [productos] [           main] o.s.mock.web.MockServletContext          : Initializing Spring TestDispatcherServlet ''
2024-11-26T22:28:12.564-03:00  INFO 8624 --- [productos] [           main] o.s.t.web.servlet.TestDispatcherServlet  : Initializing Servlet ''
2024-11-26T22:28:12.564-03:00  INFO 8624 --- [productos] [           main] o.s.t.web.servlet.TestDispatcherServlet  : Completed initialization in 0 ms
]]></system-out>
  </testcase>
  <testcase name="testDeleteProducto_InternalServerError" classname="com.example.controller.ProductoControllerTest" time="0.043">
    <system-out><![CDATA[2024-11-26T22:28:12.614-03:00  INFO 8624 --- [productos] [           main] o.s.mock.web.MockServletContext          : Initializing Spring TestDispatcherServlet ''
2024-11-26T22:28:12.615-03:00  INFO 8624 --- [productos] [           main] o.s.t.web.servlet.TestDispatcherServlet  : Initializing Servlet ''
2024-11-26T22:28:12.616-03:00  INFO 8624 --- [productos] [           main] o.s.t.web.servlet.TestDispatcherServlet  : Completed initialization in 0 ms
]]></system-out>
  </testcase>
  <testcase name="testCreateProducto_InvalidJson" classname="com.example.controller.ProductoControllerTest" time="0.037">
    <system-out><![CDATA[2024-11-26T22:28:12.661-03:00  INFO 8624 --- [productos] [           main] o.s.mock.web.MockServletContext          : Initializing Spring TestDispatcherServlet ''
2024-11-26T22:28:12.662-03:00  INFO 8624 --- [productos] [           main] o.s.t.web.servlet.TestDispatcherServlet  : Initializing Servlet ''
2024-11-26T22:28:12.662-03:00  INFO 8624 --- [productos] [           main] o.s.t.web.servlet.TestDispatcherServlet  : Completed initialization in 0 ms
2024-11-26T22:28:12.672-03:00  WARN 8624 --- [productos] [           main] .w.s.m.s.DefaultHandlerExceptionResolver : Resolved [org.springframework.http.converter.HttpMessageNotReadableException: JSON parse error: Unexpected end-of-input: expected close marker for Object (start marker at [Source: REDACTED (`StreamReadFeature.INCLUDE_SOURCE_IN_LOCATION` disabled); line: 1, column: 1])]
]]></system-out>
  </testcase>
  <testcase name="testCreateProducto_ControllerValidationError" classname="com.example.controller.ProductoControllerTest" time="0.076">
    <system-out><![CDATA[2024-11-26T22:28:12.707-03:00  INFO 8624 --- [productos] [           main] o.s.mock.web.MockServletContext          : Initializing Spring TestDispatcherServlet ''
2024-11-26T22:28:12.708-03:00  INFO 8624 --- [productos] [           main] o.s.t.web.servlet.TestDispatcherServlet  : Initializing Servlet ''
2024-11-26T22:28:12.709-03:00  INFO 8624 --- [productos] [           main] o.s.t.web.servlet.TestDispatcherServlet  : Completed initialization in 1 ms
2024-11-26T22:28:12.756-03:00  WARN 8624 --- [productos] [           main] .w.s.m.s.DefaultHandlerExceptionResolver : Resolved [org.springframework.web.bind.MethodArgumentNotValidException: Validation failed for argument [0] in public org.springframework.http.ResponseEntity<com.example.model.Response> com.example.controller.ProductoController.createProducto(com.example.model.Producto) throws java.lang.Exception with 5 errors: [Field error in object 'producto' on field 'categoria': rejected value []; codes [NotBlank.producto.categoria,NotBlank.categoria,NotBlank.java.lang.String,NotBlank]; arguments [org.springframework.context.support.DefaultMessageSourceResolvable: codes [producto.categoria,categoria]; arguments []; default message [categoria]]; default message [La categoría no puede estar vacía]] [Field error in object 'producto' on field 'estado': rejected value []; codes [NotBlank.producto.estado,NotBlank.estado,NotBlank.java.lang.String,NotBlank]; arguments [org.springframework.context.support.DefaultMessageSourceResolvable: codes [producto.estado,estado]; arguments []; default message [estado]]; default message [El estado no puede estar vacío]] [Field error in object 'producto' on field 'stock': rejected value [-10]; codes [Min.producto.stock,Min.stock,Min.java.lang.Integer,Min]; arguments [org.springframework.context.support.DefaultMessageSourceResolvable: codes [producto.stock,stock]; arguments []; default message [stock],0]; default message [El stock no puede ser negativo]] [Field error in object 'producto' on field 'precio': rejected value [-100.0]; codes [Positive.producto.precio,Positive.precio,Positive.java.lang.Double,Positive]; arguments [org.springframework.context.support.DefaultMessageSourceResolvable: codes [producto.precio,precio]; arguments []; default message [precio]]; default message [El precio debe ser un valor positivo]] [Field error in object 'producto' on field 'nombre': rejected value []; codes [NotBlank.producto.nombre,NotBlank.nombre,NotBlank.java.lang.String,NotBlank]; arguments [org.springframework.context.support.DefaultMessageSourceResolvable: codes [producto.nombre,nombre]; arguments []; default message [nombre]]; default message [El nombre no puede estar vacío]] ]
]]></system-out>
  </testcase>
  <testcase name="testDeleteProducto" classname="com.example.controller.ProductoControllerTest" time="0.034">
    <system-out><![CDATA[2024-11-26T22:28:12.788-03:00  INFO 8624 --- [productos] [           main] o.s.mock.web.MockServletContext          : Initializing Spring TestDispatcherServlet ''
2024-11-26T22:28:12.788-03:00  INFO 8624 --- [productos] [           main] o.s.t.web.servlet.TestDispatcherServlet  : Initializing Servlet ''
2024-11-26T22:28:12.788-03:00  INFO 8624 --- [productos] [           main] o.s.t.web.servlet.TestDispatcherServlet  : Completed initialization in 0 ms
]]></system-out>
  </testcase>
  <testcase name="testGetProductoById_InternalServerError" classname="com.example.controller.ProductoControllerTest" time="0.028">
    <system-out><![CDATA[2024-11-26T22:28:12.822-03:00  INFO 8624 --- [productos] [           main] o.s.mock.web.MockServletContext          : Initializing Spring TestDispatcherServlet ''
2024-11-26T22:28:12.822-03:00  INFO 8624 --- [productos] [           main] o.s.t.web.servlet.TestDispatcherServlet  : Initializing Servlet ''
2024-11-26T22:28:12.823-03:00  INFO 8624 --- [productos] [           main] o.s.t.web.servlet.TestDispatcherServlet  : Completed initialization in 1 ms
]]></system-out>
  </testcase>
  <testcase name="testCreateProducto_ValidationError" classname="com.example.controller.ProductoControllerTest" time="0.05">
    <system-out><![CDATA[2024-11-26T22:28:12.855-03:00  INFO 8624 --- [productos] [           main] o.s.mock.web.MockServletContext          : Initializing Spring TestDispatcherServlet ''
2024-11-26T22:28:12.856-03:00  INFO 8624 --- [productos] [           main] o.s.t.web.servlet.TestDispatcherServlet  : Initializing Servlet ''
2024-11-26T22:28:12.856-03:00  INFO 8624 --- [productos] [           main] o.s.t.web.servlet.TestDispatcherServlet  : Completed initialization in 0 ms
2024-11-26T22:28:12.882-03:00  WARN 8624 --- [productos] [           main] .w.s.m.s.DefaultHandlerExceptionResolver : Resolved [org.springframework.web.bind.MethodArgumentNotValidException: Validation failed for argument [0] in public org.springframework.http.ResponseEntity<com.example.model.Response> com.example.controller.ProductoController.createProducto(com.example.model.Producto) throws java.lang.Exception with 5 errors: [Field error in object 'producto' on field 'categoria': rejected value []; codes [NotBlank.producto.categoria,NotBlank.categoria,NotBlank.java.lang.String,NotBlank]; arguments [org.springframework.context.support.DefaultMessageSourceResolvable: codes [producto.categoria,categoria]; arguments []; default message [categoria]]; default message [La categoría no puede estar vacía]] [Field error in object 'producto' on field 'precio': rejected value [-100.0]; codes [Positive.producto.precio,Positive.precio,Positive.java.lang.Double,Positive]; arguments [org.springframework.context.support.DefaultMessageSourceResolvable: codes [producto.precio,precio]; arguments []; default message [precio]]; default message [El precio debe ser un valor positivo]] [Field error in object 'producto' on field 'estado': rejected value []; codes [NotBlank.producto.estado,NotBlank.estado,NotBlank.java.lang.String,NotBlank]; arguments [org.springframework.context.support.DefaultMessageSourceResolvable: codes [producto.estado,estado]; arguments []; default message [estado]]; default message [El estado no puede estar vacío]] [Field error in object 'producto' on field 'nombre': rejected value []; codes [NotBlank.producto.nombre,NotBlank.nombre,NotBlank.java.lang.String,NotBlank]; arguments [org.springframework.context.support.DefaultMessageSourceResolvable: codes [producto.nombre,nombre]; arguments []; default message [nombre]]; default message [El nombre no puede estar vacío]] [Field error in object 'producto' on field 'stock': rejected value [-10]; codes [Min.producto.stock,Min.stock,Min.java.lang.Integer,Min]; arguments [org.springframework.context.support.DefaultMessageSourceResolvable: codes [producto.stock,stock]; arguments []; default message [stock],0]; default message [El stock no puede ser negativo]] ]
]]></system-out>
  </testcase>
  <testcase name="testGetAllProductos" classname="com.example.controller.ProductoControllerTest" time="0.043">
    <system-out><![CDATA[2024-11-26T22:28:12.917-03:00  INFO 8624 --- [productos] [           main] o.s.mock.web.MockServletContext          : Initializing Spring TestDispatcherServlet ''
2024-11-26T22:28:12.918-03:00  INFO 8624 --- [productos] [           main] o.s.t.web.servlet.TestDispatcherServlet  : Initializing Servlet ''
2024-11-26T22:28:12.918-03:00  INFO 8624 --- [productos] [           main] o.s.t.web.servlet.TestDispatcherServlet  : Completed initialization in 0 ms
]]></system-out>
  </testcase>
  <testcase name="testGetProductoById_Success" classname="com.example.controller.ProductoControllerTest" time="0.029">
    <system-out><![CDATA[2024-11-26T22:28:12.955-03:00  INFO 8624 --- [productos] [           main] o.s.mock.web.MockServletContext          : Initializing Spring TestDispatcherServlet ''
2024-11-26T22:28:12.955-03:00  INFO 8624 --- [productos] [           main] o.s.t.web.servlet.TestDispatcherServlet  : Initializing Servlet ''
2024-11-26T22:28:12.955-03:00  INFO 8624 --- [productos] [           main] o.s.t.web.servlet.TestDispatcherServlet  : Completed initialization in 0 ms
]]></system-out>
  </testcase>
</testsuite>